Arguments: 
  C:\Program Files\nodejs\node.exe C:\Program Files (x86)\Yarn\bin\yarn.js add express

PATH: 
  C:\Program Files (x86)\Common Files\Oracle\Java\javapath;C:\Windows\system32;C:\Windows;C:\Windows\System32\Wbem;C:\Windows\System32\WindowsPowerShell\v1.0\;C:\Program Files (x86)\MySQL\MySQL Server 5.5\bin;C:\sqlite3;C:\Program Files (x86)\Android\android-sdk\tools;C:\Program Files (x86)\Android\android-sdk\platform-tools;C:\FPC\2.6.4\bin\i386-Win32;C:\mongoDB\bin;C:\MongoDB\bin;C:\Program Files\Java\jdk1.8.0_191\bin;C:\Android\android-sdk\tools;C:\Android\android-sdk\tools\bin;C:\Android\android-sdk\platform-tools;C:\Program Files\dotnet\;C:\Program Files\Microsoft SQL Server\130\Tools\Binn\;C:\Program Files\Microsoft SQL Server\Client SDK\ODBC\170\Tools\Binn\;C:\Program Files\Microsoft VS Code\bin;C:\Program Files\Symfony;C:\ProgramData\ComposerSetup\bin;C:\wamp64\bin\php\php7.2.10;C:\Program Files\Git\cmd;C:\ProgramData\chocolatey\bin;C:\Program Files\nodejs\;C:\Program Files (x86)\Yarn\bin\;C:\Users\Rafiou\AppData\Local\Programs\Python\Python37\Scripts\;C:\Users\Rafiou\AppData\Local\Programs\Python\Python37\;C:\php\php7.2.13;C:\php\php7.2.10;C:\Users\Rafiou\AppData\Roaming\Dashlane\6.1918.0.20205\bin\Firefox_Extension\{442718d9-475e-452a-b3e1-fb1ee16b8e9f}\components;C:\Users\Rafiou\AppData\Roaming\Dashlane\6.1918.0.20205\ucrt;C:\Users\Rafiou\AppData\Roaming\Dashlane\6.1918.0.20205\bin\Qt;C:\Users\Rafiou\AppData\Roaming\Dashlane\6.1918.0.20205\bin\Ssl;C:\Users\Rafiou\AppData\Local\atom\bin;C:\Program Files\JetBrains\PyCharm 2019.1.3\bin;C:\Program Files\JetBrains\PyCharm Community Edition 2019.1.3\bin;C:\Users\Rafiou\AppData\Local\GitHubDesktop\bin;C:\Program Files\Docker Toolbox;C:\Users\Rafiou\AppData\Roaming\Composer\vendor\bin;C:\Users\Rafiou\AppData\Roaming\npm;C:\Users\Rafiou\AppData\Local\Yarn\bin

Yarn version: 
  1.21.1

Node version: 
  12.14.1

Platform: 
  win32 x64

Trace: 
  Error: read ECONNRESET
      at TLSWrap.onStreamRead (internal/stream_base_commons.js:200:27)

npm manifest: 
  {
    "name": "back-end",
    "version": "1.0.0",
    "description": "",
    "main": "index.js",
    "scripts": {
      "test": "echo \"Error: no test specified\" && exit 1"
    },
    "author": "Rafiou SITOU <rafiousitou90@gmail.com>",
    "license": "MIT"
  }

yarn manifest: 
  No manifest

Lockfile: 
  No lockfile
